<?xml version="1.0" encoding="UTF-8"?>
<!-- Generated by org.testng.reporters.JUnitReportReporter -->
<testsuite skipped="0" hostname="User-PC" name="mainspringapp.ProductTest" tests="3" failures="0" timestamp="2019-11-28T00:04:20 IST" time="7.441" errors="0">
  <testcase name="verifyMize" time="2.174" classname="mainspringapp.ProductTest"/>
  <testcase name="verifyLsize" time="3.115" classname="mainspringapp.ProductTest"/>
  <testcase name="verifySize" time="2.152" classname="mainspringapp.ProductTest"/>
</testsuite> <!-- mainspringapp.ProductTest -->
