<?xml version="1.0" encoding="UTF-8"?>
<!-- Generated by org.testng.reporters.JUnitReportReporter -->
<testsuite skipped="0" hostname="User-PC" name="mainspringapp.TshirtTest" tests="3" failures="0" timestamp="2019-11-28T00:26:49 IST" time="7.515" errors="0">
  <testcase name="tshirtMsize" time="1.922" classname="mainspringapp.TshirtTest"/>
  <testcase name="tshirtLsize" time="2.681" classname="mainspringapp.TshirtTest"/>
  <testcase name="tshirtSsize" time="2.912" classname="mainspringapp.TshirtTest"/>
</testsuite> <!-- mainspringapp.TshirtTest -->
