<?xml version="1.0" encoding="UTF-8"?>
<!-- Generated by org.testng.reporters.JUnitReportReporter -->
<testsuite skipped="0" hostname="User-PC" name="mainspringapp.DressPageTest" tests="3" failures="0" timestamp="2019-11-28T00:08:37 IST" time="7.621" errors="0">
  <testcase name="dressMsize" time="1.944" classname="mainspringapp.DressPageTest"/>
  <testcase name="dressLsize" time="2.680" classname="mainspringapp.DressPageTest"/>
  <testcase name="dressSsize" time="2.997" classname="mainspringapp.DressPageTest"/>
</testsuite> <!-- mainspringapp.DressPageTest -->
